[21:18:46] [ServerMain/INFO]: Environment: authHost='https://authserver.mojang.com', accountsHost='https://api.mojang.com', sessionHost='https://sessionserver.mojang.com', servicesHost='https://api.minecraftservices.com', name='PROD'
[21:18:46] [ServerMain/INFO]: Found new data pack file/bukkit, loading it automatically
[21:18:47] [ServerMain/INFO]: Loaded 7 recipes
[21:18:47] [Server thread/INFO]: Starting minecraft server version 1.19.4
[21:18:47] [Server thread/INFO]: Loading properties
[21:18:48] [Server thread/INFO]: This server is running Paper version git-Paper-550 (MC: 1.19.4) (Implementing API version 1.19.4-R0.1-SNAPSHOT) (Git: 483368e on ver/1.19.4)
[21:18:48] [Server thread/INFO]: Server Ping Player Sample Count: 12
[21:18:48] [Server thread/INFO]: Using 4 threads for Netty based IO
[21:18:49] [Server thread/INFO]: [ChunkTaskScheduler] Chunk system is using 1 I/O threads, 1 worker threads, and gen parallelism of 1 threads
[21:18:49] [Server thread/WARN]: [!] The timings profiler has been enabled but has been scheduled for removal from Paper in the future.
    We recommend installing the spark profiler as a replacement: https://spark.lucko.me/
    For more information please visit: https://github.com/PaperMC/Paper/issues/8948
[21:18:49] [Server thread/INFO]: Default game type: SURVIVAL
[21:18:49] [Server thread/INFO]: Generating keypair
[21:18:49] [Server thread/INFO]: Starting Minecraft server on *:25565
[21:18:49] [Server thread/INFO]: Using epoll channel type
[21:18:49] [Server thread/INFO]: Paper: Using libdeflate (Linux x86_64) compression from Velocity.
[21:18:49] [Server thread/INFO]: Paper: Using OpenSSL 3.0.x (Linux x86_64) cipher from Velocity.
[21:18:49] [Server thread/WARN]: **** SERVER IS RUNNING IN OFFLINE/INSECURE MODE!
[21:18:49] [Server thread/WARN]: The server will make no attempt to authenticate usernames. Beware.
[21:18:49] [Server thread/WARN]: While this makes the game possible to play without internet access, it also opens up the ability for hackers to connect with any username they choose.
[21:18:49] [Server thread/WARN]: To change this, set "online-mode" to "true" in the server.properties file.
[21:18:49] [Server thread/INFO]: Preparing level "world"
[21:18:59] [Server thread/INFO]: Preparing start region for dimension minecraft:overworld
[21:18:59] [Server thread/INFO]: Time elapsed: 138 ms
[21:18:59] [Server thread/INFO]: Preparing start region for dimension minecraft:the_nether
[21:18:59] [Server thread/INFO]: Time elapsed: 106 ms
[21:18:59] [Server thread/INFO]: Preparing start region for dimension minecraft:the_end
[21:19:00] [Server thread/INFO]: Time elapsed: 93 ms
[21:19:00] [Server thread/INFO]: Running delayed init tasks
[21:19:00] [Server thread/INFO]: Done (12.231s)! For help, type "help"
[21:19:00] [Server thread/INFO]: Timings Reset
